[    0.000000] Linux version 4.15.0-142-generic (buildd@lgw01-amd64-036) (gcc version 7.5.0 (Ubuntu 7.5.0-3ubuntu1~18.04)) #146-Ubuntu SMP Tue Apr 13 01:11:19 UTC 2021 (Ubuntu 4.15.0-142.146-generic 4.15.18)
[    0.000000] Command line: BOOT_IMAGE=/boot/vmlinuz-4.15.0-142-generic root=LABEL=cloudimg-rootfs ro console=tty1 console=ttyS0
[    0.000000] KERNEL supported cpus:
[    0.000000]   Intel GenuineIntel
[    0.000000]   AMD AuthenticAMD
[    0.000000]   Centaur CentaurHauls
[    0.000000] x86/fpu: Supporting XSAVE feature 0x001: 'x87 floating point registers'
[    0.000000] x86/fpu: Supporting XSAVE feature 0x002: 'SSE registers'
[    0.000000] x86/fpu: Supporting XSAVE feature 0x004: 'AVX registers'
[    0.000000] x86/fpu: xstate_offset[2]:  576, xstate_sizes[2]:  256
[    0.000000] x86/fpu: Enabled xstate features 0x7, context size is 832 bytes, using 'standard' format.
[    0.000000] e820: BIOS-provided physical RAM map:
[    0.000000] BIOS-e820: [mem 0x0000000000000000-0x000000000009fbff] usable
[    0.000000] BIOS-e820: [mem 0x000000000009fc00-0x000000000009ffff] reserved
[    0.000000] BIOS-e820: [mem 0x00000000000f0000-0x00000000000fffff] reserved
[    0.000000] BIOS-e820: [mem 0x0000000000100000-0x000000001ffeffff] usable
[    0.000000] BIOS-e820: [mem 0x000000001fff0000-0x000000001fffffff] ACPI data
[    0.000000] BIOS-e820: [mem 0x00000000fec00000-0x00000000fec00fff] reserved
[    0.000000] BIOS-e820: [mem 0x00000000fee00000-0x00000000fee00fff] reserved
[    0.000000] BIOS-e820: [mem 0x00000000fffc0000-0x00000000ffffffff] reserved
[    0.000000] NX (Execute Disable) protection: active
[    0.000000] SMBIOS 2.5 present.
[    0.000000] DMI: innotek GmbH VirtualBox/VirtualBox, BIOS VirtualBox 12/01/2006
[    0.000000] Hypervisor detected: KVM
[    0.000000] e820: last_pfn = 0x1fff0 max_arch_pfn = 0x400000000
[    0.000000] MTRR: Disabled
[    0.000000] x86/PAT: MTRRs disabled, skipping PAT initialization too.
[    0.000000] CPU MTRRs all blank - virtualized system.
[    0.000000] x86/PAT: Configuration [0-7]: WB  WT  UC- UC  WB  WT  UC- UC  
[    0.000000] found SMP MP-table at [mem 0x0009fff0-0x0009ffff]
[    0.000000] Scanning 1 areas for low memory corruption
[    0.000000] RAMDISK: [mem 0x1db75000-0x1ee84fff]
[    0.000000] ACPI: Early table checksum verification disabled
[    0.000000] ACPI: RSDP 0x00000000000E0000 000024 (v02 VBOX  )
[    0.000000] ACPI: XSDT 0x000000001FFF0030 00003C (v01 VBOX   VBOXXSDT 00000001 ASL  00000061)
[    0.000000] ACPI: FACP 0x000000001FFF00F0 0000F4 (v04 VBOX   VBOXFACP 00000001 ASL  00000061)
[    0.000000] ACPI: DSDT 0x000000001FFF0470 002325 (v02 VBOX   VBOXBIOS 00000002 INTL 20190509)
[    0.000000] ACPI: FACS 0x000000001FFF0200 000040
[    0.000000] ACPI: FACS 0x000000001FFF0200 000040
[    0.000000] ACPI: APIC 0x000000001FFF0240 00005C (v02 VBOX   VBOXAPIC 00000001 ASL  00000061)
[    0.000000] ACPI: SSDT 0x000000001FFF02A0 0001CC (v01 VBOX   VBOXCPUT 00000002 INTL 20190509)
[    0.000000] No NUMA configuration found
[    0.000000] Faking a node at [mem 0x0000000000000000-0x000000001ffeffff]
[    0.000000] NODE_DATA(0) allocated [mem 0x1ffc5000-0x1ffeffff]
[    0.000000] kvm-clock: cpu 0, msr 0:1ff44001, primary cpu clock
[    0.000000] kvm-clock: Using msrs 4b564d01 and 4b564d00
[    0.000000] kvm-clock: using sched offset of 7640909022 cycles
[    0.000000] clocksource: kvm-clock: mask: 0xffffffffffffffff max_cycles: 0x1cd42e4dffb, max_idle_ns: 881590591483 ns
[    0.000000] Zone ranges:
[    0.000000]   DMA      [mem 0x0000000000001000-0x0000000000ffffff]
[    0.000000]   DMA32    [mem 0x0000000001000000-0x000000001ffeffff]
[    0.000000]   Normal   empty
[    0.000000]   Device   empty
[    0.000000] Movable zone start for each node
[    0.000000] Early memory node ranges
[    0.000000]   node   0: [mem 0x0000000000001000-0x000000000009efff]
[    0.000000]   node   0: [mem 0x0000000000100000-0x000000001ffeffff]
[    0.000000] Reserved but unavailable: 98 pages
[    0.000000] Initmem setup node 0 [mem 0x0000000000001000-0x000000001ffeffff]
[    0.000000] ACPI: PM-Timer IO Port: 0x4008
[    0.000000] IOAPIC[0]: apic_id 2, version 32, address 0xfec00000, GSI 0-23
[    0.000000] ACPI: INT_SRC_OVR (bus 0 bus_irq 0 global_irq 2 dfl dfl)
[    0.000000] ACPI: INT_SRC_OVR (bus 0 bus_irq 9 global_irq 9 low level)
[    0.000000] Using ACPI (MADT) for SMP configuration information
[    0.000000] smpboot: Allowing 2 CPUs, 0 hotplug CPUs
[    0.000000] PM: Registered nosave memory: [mem 0x00000000-0x00000fff]
[    0.000000] PM: Registered nosave memory: [mem 0x0009f000-0x0009ffff]
[    0.000000] PM: Registered nosave memory: [mem 0x000a0000-0x000effff]
[    0.000000] PM: Registered nosave memory: [mem 0x000f0000-0x000fffff]
[    0.000000] e820: [mem 0x20000000-0xfebfffff] available for PCI devices
[    0.000000] Booting paravirtualized kernel on KVM
[    0.000000] clocksource: refined-jiffies: mask: 0xffffffff max_cycles: 0xffffffff, max_idle_ns: 7645519600211568 ns
[    0.000000] random: get_random_bytes called from start_kernel+0x99/0x500 with crng_init=0
[    0.000000] setup_percpu: NR_CPUS:8192 nr_cpumask_bits:2 nr_cpu_ids:2 nr_node_ids:1
[    0.000000] percpu: Embedded 45 pages/cpu s147456 r8192 d28672 u1048576
[    0.000000] PV qspinlock hash table entries: 256 (order: 0, 4096 bytes)
[    0.000000] Built 1 zonelists, mobility grouping on.  Total pages: 128889
[    0.000000] Policy zone: DMA32
[    0.000000] Kernel command line: BOOT_IMAGE=/boot/vmlinuz-4.15.0-142-generic root=LABEL=cloudimg-rootfs ro console=tty1 console=ttyS0
[    0.000000] Memory: 466624K/523832K available (12300K kernel code, 2483K rwdata, 4316K rodata, 2444K init, 2724K bss, 57208K reserved, 0K cma-reserved)
[    0.000000] SLUB: HWalign=64, Order=0-3, MinObjects=0, CPUs=2, Nodes=1
[    0.000000] Kernel/User page tables isolation: enabled
[    0.000000] ftrace: allocating 39434 entries in 155 pages
[    0.004000] Hierarchical RCU implementation.
[    0.004000] 	RCU restricting CPUs from NR_CPUS=8192 to nr_cpu_ids=2.
[    0.004000] 	Tasks RCU enabled.
[    0.004000] RCU: Adjusting geometry for rcu_fanout_leaf=16, nr_cpu_ids=2
[    0.004000] NR_IRQS: 524544, nr_irqs: 440, preallocated irqs: 16
[    0.004000] Console: colour VGA+ 80x25
[    0.004000] console [tty1] enabled
[    0.004000] console [ttyS0] enabled
[    0.004000] ACPI: Core revision 20170831
[    0.004000] ACPI: 2 ACPI AML tables successfully acquired and loaded
[    0.004000] APIC: Switch to symmetric I/O mode setup
[    0.004000] x2apic enabled
[    0.004000] Switched APIC routing to physical x2apic.
[    0.004000] ..TIMER: vector=0x30 apic1=0 pin1=2 apic2=-1 pin2=-1
[    0.004008] tsc: Detected 2297.340 MHz processor
[    0.008016] Calibrating delay loop (skipped) preset value.. 4594.68 BogoMIPS (lpj=9189360)
[    0.012009] pid_max: default: 32768 minimum: 301
[    0.016053] Security Framework initialized
[    0.020009] Yama: becoming mindful.
[    0.024047] AppArmor: AppArmor initialized
[    0.028165] Dentry cache hash table entries: 65536 (order: 7, 524288 bytes)
[    0.032079] Inode-cache hash table entries: 32768 (order: 6, 262144 bytes)
[    0.036029] Mount-cache hash table entries: 1024 (order: 1, 8192 bytes)
[    0.040013] Mountpoint-cache hash table entries: 1024 (order: 1, 8192 bytes)
[    0.045311] Last level iTLB entries: 4KB 64, 2MB 8, 4MB 8
[    0.052005] Last level dTLB entries: 4KB 64, 2MB 0, 4MB 0, 1GB 4
[    0.056048] Spectre V1 : Mitigation: usercopy/swapgs barriers and __user pointer sanitization
[    0.060009] Spectre V2 : Mitigation: Full generic retpoline
[    0.064007] Spectre V2 : Spectre v2 / SpectreRSB mitigation: Filling RSB on context switch
[    0.068006] Speculative Store Bypass: Vulnerable
[    0.072053] MDS: Mitigation: Clear CPU buffers
[    0.076207] Freeing SMP alternatives memory: 36K
[    0.192486] smpboot: CPU0: Intel(R) Xeon(R) CPU E5-2697 v4 @ 2.30GHz (family: 0x6, model: 0x4f, stepping: 0x0)
[    0.196145] Performance Events: unsupported p6 CPU model 79 no PMU driver, software events only.
[    0.200106] Hierarchical SRCU implementation.
[    0.204850] NMI watchdog: Perf event create on CPU 0 failed with -2
[    0.208050] NMI watchdog: Perf NMI watchdog permanently disabled
[    0.212149] smp: Bringing up secondary CPUs ...
[    0.216180] x86: Booting SMP configuration:
[    0.220008] .... node  #0, CPUs:      #1
[    0.004000] kvm-clock: cpu 1, msr 0:1ff44041, secondary cpu clock
[    0.252077] smp: Brought up 1 node, 2 CPUs
[    0.256014] smpboot: Max logical packages: 1
[    0.260028] smpboot: Total of 2 processors activated (9189.36 BogoMIPS)
[    0.268331] devtmpfs: initialized
[    0.272131] x86/mm: Memory block size: 128MB
[    0.280131] evm: security.selinux
[    0.284009] evm: security.SMACK64
[    0.288008] evm: security.SMACK64EXEC
[    0.292008] evm: security.SMACK64TRANSMUTE
[    0.296025] evm: security.SMACK64MMAP
[    0.300006] evm: security.apparmor
[    0.304022] evm: security.ima
[    0.308005] evm: security.capability
[    0.316050] clocksource: jiffies: mask: 0xffffffff max_cycles: 0xffffffff, max_idle_ns: 7645041785100000 ns
[    0.332037] futex hash table entries: 512 (order: 3, 32768 bytes)
[    0.344109] pinctrl core: initialized pinctrl subsystem
[    0.356499] RTC time: 14:02:26, date: 06/03/21
[    0.368364] NET: Registered protocol family 16
[    0.376132] audit: initializing netlink subsys (disabled)
[    0.392005] audit: type=2000 audit(1622728954.401:1): state=initialized audit_enabled=0 res=1
[    0.396927] cpuidle: using governor ladder
[    0.404017] cpuidle: using governor menu
[    0.412105] ACPI: bus type PCI registered
[    0.424008] acpiphp: ACPI Hot Plug PCI Controller Driver version: 0.5
[    0.440006] PCI: Using configuration type 1 for base access
[    0.456045] HugeTLB registered 2.00 MiB page size, pre-allocated 0 pages
[    0.464108] ACPI: Added _OSI(Module Device)
[    0.469131] ACPI: Added _OSI(Processor Device)
[    0.472009] ACPI: Added _OSI(3.0 _SCP Extensions)
[    0.476007] ACPI: Added _OSI(Processor Aggregator Device)
[    0.480027] ACPI: Added _OSI(Linux-Dell-Video)
[    0.484010] ACPI: Added _OSI(Linux-Lenovo-NV-HDMI-Audio)
[    0.488011] ACPI: Added _OSI(Linux-HPI-Hybrid-Graphics)
[    0.496058] ACPI: Executed 1 blocks of module-level executable AML code
[    0.508342] ACPI: Interpreter enabled
[    0.512032] ACPI: (supports S0 S5)
[    0.516010] ACPI: Using IOAPIC for interrupt routing
[    0.520523] PCI: Using host bridge windows from ACPI; if necessary, use "pci=nocrs" and report a bug
[    0.524673] ACPI: Enabled 2 GPEs in block 00 to 07
[    0.543412] ACPI: PCI Root Bridge [PCI0] (domain 0000 [bus 00-ff])
[    0.544024] acpi PNP0A03:00: _OSC: OS supports [ASPM ClockPM Segments MSI]
[    0.548919] acpi PNP0A03:00: _OSC: not requesting OS control; OS requires [ExtendedConfig ASPM ClockPM MSI]
[    0.552051] acpi PNP0A03:00: fail to add MMCONFIG information, can't access extended PCI configuration space under this bridge.
[    0.557518] PCI host bridge to bus 0000:00
[    0.560010] pci_bus 0000:00: root bus resource [io  0x0000-0x0cf7 window]
[    0.564012] pci_bus 0000:00: root bus resource [io  0x0d00-0xffff window]
[    0.568013] pci_bus 0000:00: root bus resource [mem 0x000a0000-0x000bffff window]
[    0.572013] pci_bus 0000:00: root bus resource [mem 0x20000000-0xfdffffff window]
[    0.576014] pci_bus 0000:00: root bus resource [bus 00-ff]
[    0.593952] pci 0000:00:01.1: legacy IDE quirk: reg 0x10: [io  0x01f0-0x01f7]
[    0.596184] pci 0000:00:01.1: legacy IDE quirk: reg 0x14: [io  0x03f6]
[    0.600030] pci 0000:00:01.1: legacy IDE quirk: reg 0x18: [io  0x0170-0x0177]
[    0.604010] pci 0000:00:01.1: legacy IDE quirk: reg 0x1c: [io  0x0376]
[    0.716456] pci 0000:00:07.0: quirk: [io  0x4000-0x403f] claimed by PIIX4 ACPI
[    0.732007] pci 0000:00:07.0: quirk: [io  0x4100-0x410f] claimed by PIIX4 SMB
[    0.812180] ACPI: PCI Interrupt Link [LNKA] (IRQs 5 9 10 *11)
[    0.828124] ACPI: PCI Interrupt Link [LNKB] (IRQs 5 9 *10 11)
[    0.844027] ACPI: PCI Interrupt Link [LNKC] (IRQs 5 *9 10 11)
[    0.860126] ACPI: PCI Interrupt Link [LNKD] (IRQs 5 9 10 *11)
[    0.878868] SCSI subsystem initialized
[    0.893502] pci 0000:00:02.0: vgaarb: setting as boot VGA device
[    0.896000] pci 0000:00:02.0: vgaarb: VGA device added: decodes=io+mem,owns=io+mem,locks=none
[    0.928020] pci 0000:00:02.0: vgaarb: bridge control possible
[    0.944011] vgaarb: loaded
[    0.952149] ACPI: bus type USB registered
[    0.960212] usbcore: registered new interface driver usbfs
[    0.980080] usbcore: registered new interface driver hub
[    0.996038] usbcore: registered new device driver usb
[    1.020000] EDAC MC: Ver: 3.0.0
[    1.042885] PCI: Using ACPI for IRQ routing
[    1.065349] NetLabel: Initializing
[    1.104011] NetLabel:  domain hash size = 128
[    1.120024] NetLabel:  protocols = UNLABELED CIPSOv4 CALIPSO
[    1.140071] NetLabel:  unlabeled traffic allowed by default
[    1.157755] clocksource: Switched to clocksource kvm-clock
[    1.201054] VFS: Disk quotas dquot_6.6.0
[    1.209165] VFS: Dquot-cache hash table entries: 512 (order 0, 4096 bytes)
[    1.222040] AppArmor: AppArmor Filesystem Enabled
[    1.231184] pnp: PnP ACPI init
[    1.241125] pnp: PnP ACPI: found 3 devices
[    1.256271] clocksource: acpi_pm: mask: 0xffffff max_cycles: 0xffffff, max_idle_ns: 2085701024 ns
[    1.272678] NET: Registered protocol family 2
[    1.284650] TCP established hash table entries: 4096 (order: 3, 32768 bytes)
[    1.298208] TCP bind hash table entries: 4096 (order: 4, 65536 bytes)
[    1.312318] TCP: Hash tables configured (established 4096 bind 4096)
[    1.324245] UDP hash table entries: 256 (order: 1, 8192 bytes)
[    1.335871] UDP-Lite hash table entries: 256 (order: 1, 8192 bytes)
[    1.348567] NET: Registered protocol family 1
[    1.358106] pci 0000:00:00.0: Limiting direct PCI/PCI transfers
[    1.369430] pci 0000:00:01.0: Activating ISA DMA hang workarounds
[    1.385429] pci 0000:00:02.0: Video device with shadowed ROM at [mem 0x000c0000-0x000dffff]
[    1.404598] Unpacking initramfs...
[    2.040378] Freeing initrd memory: 19520K
[    2.071823] clocksource: tsc: mask: 0xffffffffffffffff max_cycles: 0x211d64549a7, max_idle_ns: 440795285220 ns
[    2.183467] platform rtc_cmos: registered platform RTC device (no PNP device found)
[    2.233798] Scanning for low memory corruption every 60 seconds
[    2.272259] Initialise system trusted keyrings
[    2.354295] Key type blacklist registered
[    2.423846] workingset: timestamp_bits=36 max_order=17 bucket_order=0
[    2.442558] zbud: loaded
[    2.454348] squashfs: version 4.0 (2009/01/31) Phillip Lougher
[    2.469487] fuse init (API version 7.26)
[    2.496571] Key type asymmetric registered
[    2.507751] Asymmetric key parser 'x509' registered
[    2.523732] Block layer SCSI generic (bsg) driver version 0.4 loaded (major 246)
[    2.544671] io scheduler noop registered
[    2.555018] io scheduler deadline registered
[    2.564790] io scheduler cfq registered (default)
[    2.581519] ACPI: AC Adapter [AC] (on-line)
[    2.593875] input: Power Button as /devices/LNXSYSTM:00/LNXPWRBN:00/input/input0
[    2.614588] ACPI: Power Button [PWRF]
[    2.624643] input: Sleep Button as /devices/LNXSYSTM:00/LNXSLPBN:00/input/input1
[    2.640934] ACPI: Sleep Button [SLPF]
[    2.654203] Serial: 8250/16550 driver, 32 ports, IRQ sharing enabled
[    2.700387] 00:02: ttyS0 at I/O 0x3f8 (irq = 4, base_baud = 115200) is a 16550A
[    2.724162] Linux agpgart interface v0.103
[    2.738338] loop: module loaded
[    2.751006] scsi host0: ata_piix
[    2.761928] scsi host1: ata_piix
[    2.769628] ata1: PATA max UDMA/33 cmd 0x1f0 ctl 0x3f6 bmdma 0xd000 irq 14
[    2.784848] ata2: PATA max UDMA/33 cmd 0x170 ctl 0x376 bmdma 0xd008 irq 15
[    2.805393] libphy: Fixed MDIO Bus: probed
[    2.818248] tun: Universal TUN/TAP device driver, 1.6
[    2.830101] PPP generic driver version 2.4.2
[    2.843085] ehci_hcd: USB 2.0 'Enhanced' Host Controller (EHCI) Driver
[    2.859446] ehci-pci: EHCI PCI platform driver
[    2.870179] ehci-platform: EHCI generic platform driver
[    2.882150] ohci_hcd: USB 1.1 'Open' Host Controller (OHCI) Driver
[    2.895722] ohci-pci: OHCI PCI platform driver
[    2.906726] ohci-platform: OHCI generic platform driver
[    2.919195] uhci_hcd: USB Universal Host Controller Interface driver
[    2.935174] i8042: PNP: PS/2 Controller [PNP0303:PS2K,PNP0f03:PS2M] at 0x60,0x64 irq 1,12
[    3.013891] serio: i8042 KBD port at 0x60,0x64 irq 1
[    3.037867] serio: i8042 AUX port at 0x60,0x64 irq 12
[    3.059561] mousedev: PS/2 mouse device common for all mice
[    3.076022] input: AT Translated Set 2 keyboard as /devices/platform/i8042/serio0/input/input2
[    3.102808] rtc_cmos rtc_cmos: rtc core: registered rtc_cmos as rtc0
[    3.103707] rtc_cmos rtc_cmos: alarms up to one day, 114 bytes nvram
[    3.150762] i2c /dev entries driver
[    3.161504] device-mapper: uevent: version 1.0.3
[    3.173784] device-mapper: ioctl: 4.37.0-ioctl (2017-09-20) initialised: dm-devel@redhat.com
[    3.193533] ledtrig-cpu: registered to indicate activity on CPUs
[    3.211277] NET: Registered protocol family 10
[    3.244845] Segment Routing with IPv6
[    3.254086] NET: Registered protocol family 17
[    3.264660] Key type dns_resolver registered
[    3.273824] mce: Using 0 MCE banks
[    3.282524] RAS: Correctable Errors collector initialized.
[    3.294169] sched_clock: Marking stable (3294009610, 0)->(5523625224, -2229615614)
[    3.316965] registered taskstats version 1
[    3.325762] Loading compiled-in X.509 certificates
[    3.349330] Loaded X.509 cert 'Build time autogenerated kernel key: 028139f94c642d40642d50ab098c4e7b0aebaa81'
[    3.370661] Loaded X.509 cert 'Canonical Ltd. Live Patch Signing: 14df34d1a87cf37625abec039ef2bf521249b969'
[    3.391256] Loaded X.509 cert 'Canonical Ltd. Kernel Module Signing: 88f752e560a1e0737e31163a466ad7b70a850c19'
[    3.431192] zswap: loaded using pool lzo/zbud
[    3.496236] Key type big_key registered
[    3.538335] Key type trusted registered
[    3.617386] Key type encrypted registered
[    3.640442] AppArmor: AppArmor sha1 policy hashing enabled
[    3.657724] ima: No TPM chip found, activating TPM-bypass! (rc=-19)
[    3.670467] ima: Allocated hash algorithm: sha1
[    3.679498] evm: HMAC attrs: 0x1
[    3.687814]   Magic number: 9:669:29
[    3.696883] rtc_cmos rtc_cmos: setting system clock to 2021-06-03 14:02:30 UTC (1622728950)
[    3.715243] BIOS EDD facility v0.16 2004-Jun-25, 0 devices found
[    3.726541] EDD information not available.
[    3.745419] Freeing unused kernel image memory: 2444K
[    3.760255] Write protecting the kernel read-only data: 20480k
[    3.778226] Freeing unused kernel image memory: 2008K
[    3.793189] Freeing unused kernel image memory: 1828K
[    3.812461] x86/mm: Checked W+X mappings: passed, no W+X pages found.
[    3.825311] x86/mm: Checking user space page tables
[    3.843247] x86/mm: Checked W+X mappings: passed, no W+X pages found.
Loading, please wait...
starting version 237
[    4.198925] e1000: Intel(R) PRO/1000 Network Driver - version 7.3.21-k8-NAPI
[    4.228291] e1000: Copyright (c) 1999-2006 Intel Corporation.
[    4.689167] Fusion MPT base driver 3.04.20
[    4.719646] Copyright (c) 1999-2008 LSI Corporation
[    4.908200] input: ImExPS/2 Generic Explorer Mouse as /devices/platform/i8042/serio1/input/input4
[    5.194680] AVX2 version of gcm_enc/dec engaged.
[    5.207786] AES CTR mode by8 optimization enabled
[    5.298691] Fusion MPT SPI Host driver 3.04.20
[    6.146532] e1000 0000:00:03.0 eth0: (PCI:33MHz:32-bit) 02:f3:7b:02:da:50
[    6.163360] e1000 0000:00:03.0 eth0: Intel(R) PRO/1000 Network Connection
[    7.040501] e1000 0000:00:08.0 eth1: (PCI:33MHz:32-bit) 08:00:27:7e:2c:3d
[    7.057436] e1000 0000:00:08.0 eth1: Intel(R) PRO/1000 Network Connection
[    7.080692] mptbase: ioc0: Initiating bringup
[    7.109141] e1000 0000:00:08.0 enp0s8: renamed from eth1
[    7.172847] e1000 0000:00:03.0 enp0s3: renamed from eth0
[    7.219496] ioc0: LSI53C1030 A0: Capabilities={Initiator}
[    8.251132] scsi host2: ioc0: LSI53C1030 A0, FwRev=00000000h, Ports=1, MaxQ=256, IRQ=20
[    9.766498] scsi 2:0:0:0: Direct-Access     VBOX     HARDDISK         1.0  PQ: 0 ANSI: 5
[    9.856191] scsi target2:0:0: Beginning Domain Validation
[    9.873518] scsi target2:0:0: Domain Validation skipping write tests
[    9.890929] scsi target2:0:0: Ending Domain Validation
[    9.901831] scsi target2:0:0: asynchronous
[    9.913617] scsi 2:0:1:0: Direct-Access     VBOX     HARDDISK         1.0  PQ: 0 ANSI: 5
[    9.960221] scsi target2:0:1: Beginning Domain Validation
[    9.973239] random: fast init done
[    9.990624] scsi target2:0:1: Domain Validation skipping write tests
[   10.003792] scsi target2:0:1: Ending Domain Validation
[   10.014661] scsi target2:0:1: asynchronous
[   10.039506] random: systemd-udevd: uninitialized urandom read (16 bytes read)
[   10.057298] sd 2:0:0:0: Attached scsi generic sg0 type 0
[   10.062240] sd 2:0:0:0: [sda] 83886080 512-byte logical blocks: (42.9 GB/40.0 GiB)
[   10.077020] random: systemd-udevd: uninitialized urandom read (16 bytes read)
[   10.077025] random: systemd-udevd: uninitialized urandom read (16 bytes read)
[   10.085312] sd 2:0:1:0: Attached scsi generic sg1 type 0
[   10.106416] sd 2:0:0:0: [sda] Write Protect is off
[   10.107043] sd 2:0:0:0: [sda] Incomplete mode parameter data
[   10.107044] sd 2:0:0:0: [sda] Assuming drive cache: write through
[   10.111927]  sda: sda1
[   10.208879] sd 2:0:1:0: [sdb] 20480 512-byte logical blocks: (10.5 MB/10.0 MiB)
[   10.226575] sd 2:0:0:0: [sda] Attached SCSI disk
[   10.236699] sd 2:0:1:0: [sdb] Write Protect is off
[   10.246449] sd 2:0:1:0: [sdb] Incomplete mode parameter data
[   10.263044] sd 2:0:1:0: [sdb] Assuming drive cache: write through
[   10.287175] sd 2:0:1:0: [sdb] Attached SCSI disk
Begin: Loading essential drivers ... [   15.572383] raid6: sse2x1   gen()  4855 MB/s
[   15.628320] raid6: sse2x1   xor()  3799 MB/s
[   15.684339] raid6: sse2x2   gen()  6817 MB/s
[   15.740347] raid6: sse2x2   xor()  4329 MB/s
[   15.796293] raid6: sse2x4   gen() 10410 MB/s
[   15.852264] raid6: sse2x4   xor()  6930 MB/s
[   15.908292] raid6: avx2x1   gen() 14806 MB/s
[   15.964294] raid6: avx2x1   xor()  8648 MB/s
[   16.020284] raid6: avx2x2   gen() 16275 MB/s
[   16.076296] raid6: avx2x2   xor()  9912 MB/s
[   16.136244] raid6: avx2x4   gen() 14731 MB/s
[   16.208213] raid6: avx2x4   xor()  4065 MB/s
[   16.233248] raid6: using algorithm avx2x2 gen() 16275 MB/s
[   16.314438] raid6: .... xor() 9912 MB/s, rmw enabled
[   16.337438] raid6: using avx2x2 recovery algorithm
[   16.370104] xor: automatically using best checksumming function   avx       
[   16.402847] async_tx: api initialized (async)
done.
Begin: Running /scripts/init-premount ... done.
Begin: Mounting root file system ... Begin: Running /scripts/local-top ... done.
Begin: Running /scripts/local-premount ... [   16.724332] Btrfs loaded, crc32c=crc32c-intel
Scanning for Btrfs filesystems
done.
Warning: fsck not present, so skipping root file system
[   16.925664] EXT4-fs (sda1): mounted filesystem with ordered data mode. Opts: (null)
done.
Begin: Running /scripts/local-bottom ... done.
Begin: Running /scripts/init-bottom ... done.
[   17.801711] ip_tables: (C) 2000-2006 Netfilter Core Team
[   17.862482] systemd[1]: systemd 237 running in system mode. (+PAM +AUDIT +SELINUX +IMA +APPARMOR +SMACK +SYSVINIT +UTMP +LIBCRYPTSETUP +GCRYPT +GNUTLS +ACL +XZ +LZ4 +SECCOMP +BLKID +ELFUTILS +KMOD -IDN2 +IDN -PCRE2 default-hierarchy=hybrid)
[   17.912163] systemd[1]: Detected virtualization oracle.
[   17.924185] systemd[1]: Detected architecture x86-64.

Welcome to [1mUbuntu 18.04.5 LTS[0m!

[   18.006237] systemd[1]: Set hostname to <ubuntu>.
[   18.045414] systemd[1]: Initializing machine ID from random generator.
[   18.061960] systemd[1]: Installed transient /etc/machine-id file.
[   18.841376] random: crng init done
[   18.864964] random: 7 urandom warning(s) missed due to ratelimiting
[   19.113043] systemd[1]: Reached target User and Group Name Lookups.
[[0;32m  OK  [0m] Reached target User and Group Name Lookups.
[   19.179765] systemd[1]: Created slice System Slice.
[[0;32m  OK  [0m] Created slice System Slice.
[   19.220520] systemd[1]: Listening on udev Kernel Socket.
[[0;32m  OK  [0m] Listening on udev Kernel Socket.
[   19.254192] systemd[1]: Created slice system-serial\x2dgetty.slice.
[[0;32m  OK  [0m] Created slice system-serial\x2dgetty.slice.
[[0;32m  OK  [0m] Listening on Device-mapper event daemon FIFOs.
[[0;32m  OK  [0m] Listening on Journal Socket.
         Starting Set the console keyboard layout...
         Mounting Kernel Debug File System...
         Starting Create list of required st…ce nodes for the current kernel...
         Starting Uncomplicated firewall...
         Starting Load Kernel Modules...
[[0;32m  OK  [0m] Reached target Swap.
[[0;32m  OK  [0m] Listening on fsck to fsckd communication Socket.
[[0;32m  OK  [0m] Reached target System Time Synchronized.
         Starting File System Check on Root Device...
[[0;32m  OK  [0m] Started Forward Password Requests to Wall Directory Watch.
[[0;32m  OK  [0m] Listening on Journal Audit Socket.
[[0;32m  OK  [0m] Listening on Network Service Netlink Socket.
[[0;32m  OK  [0m] Listening on /dev/initctl Compatibility Named Pipe.
[[0;32m  OK  [0m] Listening on udev Control Socket.
         Starting udev Coldplug all Devices...
[   19.713158] Loading iSCSI transport class v2.0-870.
[[0;32m  OK  [0m] Listening on Journal Socket (/dev/log).
[[0;32m  OK  [0m] Listening on LVM2 metadata daemon socket.
         Starting Monitoring of LVM2 mirrors…ng dmeventd or progress polling...
         Mounting Huge Pages File System...
[[0;32m  OK  [0m] Created slice User and Session Slice.
[[0;32m  OK  [0m] Reached target Slices.
[[0;32m  OK  [0m] Set up automount Arbitrary Executab…rmats File System Automount Point.
[[0;32m  OK  [0m] Listening on Syslog Socket.
         Starting Journal Service...
[[0;32m  OK  [0m] Listening on LVM2 poll daemon socket.
         Mounting POSIX Message Queue File System...
[[0;32m  OK  [0m] Started Set the console keyboard layout.
[   20.413104] iscsi: registered transport (tcp)
[[0;32m  OK  [0m] Mounted Kernel Debug File System.
[[0;32m  OK  [0m] Started Create list of required sta…vice nodes for the current kernel.
[[0;32m  OK  [0m] Started Uncomplicated firewall.
[[0;32m  OK  [0m] Started File System Check on Root Device.
[[0;32m  OK  [0m] Mounted Huge Pages File System.
[[0;32m  OK  [0m] Mounted POSIX Message Queue File System.
[[0;32m  OK  [0m] Started File System Check Daemon to report status.
[[0;32m  OK  [0m] Started LVM2 metadata daemon.
         Starting Remount Root and Kernel File Systems...
         Starting Create Static Device Nodes in /dev...
[[   21.132403] EXT4-fs (sda1): re-mounted. Opts: (null)
[0;32m  OK  [0m] Started Monitoring of LVM2 mirrors,…sing dmeventd or progress polling.
[[0;32m  OK  [0m] Started Remount Root and Kernel File Systems.
         Starting Load/Save Random Seed...
[[0;32m  OK  [0m] Started udev Coldplug all Devices.
[[0;32m  OK  [0m] Started Load/Save Random Seed.
[[0;32m  OK  [0m] Started Create Static Device Nodes in /dev.
         Starting udev Kernel Device Manager...
[[0;32m  OK  [0m] Reached target Local File Systems (Pre).
[[0;32m  OK  [0m] Reached target Local File Systems.
         Starting ebtables ruleset management...
         Starting Commit a transient machine-id on disk...
         Starting Tell Plymouth To Write Out Runtime Data...
         Starting Set console font and keymap...
         Starting AppArmor initialization...
[[0;32m  OK  [0m] Started Tell Plymouth To Write Out Runtime Data.
[[0;32m  OK  [0m] Started Set console font and keymap.
[   22.314966] iscsi: registered transport (iser)
[[0;32m  OK  [0m] Started Commit a transient machine-id on disk.
[[0;32m  OK  [0m] Started Load Kernel Modules.
         Mounting Kernel Configuration File System...
         Starting Apply Kernel Variables...
         Mounting FUSE Control File System...
[   22.981806] systemd[1]: Mounted Kernel Configuration File System.
[[0;32m  OK  [0m] Mounted Kernel Configuration File System.
[   23.204693] systemd[1]: Mounted FUSE Control File System.
[[0;32m  OK  [0m] Mounted FUSE Control File System.
[[0;32m  OK  [0m] Started Journal Service.
         Starting Flush Journal to Persistent Storage...
[[0;32m  OK  [0m] Started Apply Kernel Variables.
[[0;32m  OK  [0m] Started ebtables ruleset management.
[[0;32m  OK  [0m] Started udev Kernel Device Manager.
[[0;32m  OK  [0m] Started Dispatch Password Requests to Console Directory Watch.
[[0;32m  OK  [0m] Reached target Local Encrypted Volumes.
[[0;32m  OK  [0m] Started Flush Journal to Persistent Storage.
         Starting Create Volatile Files and Directories...
[[0;32m  OK  [0m] Started Create Volatile Files and Directories.
         Starting Update UTMP about System Boot/Shutdown...
[[0;32m  OK  [0m] Started Update UTMP about System Boot/Shutdown.
[[0;32m  OK  [0m] Found device /dev/ttyS0.
[[0;32m  OK  [0m] Listening on Load/Save RF Kill Switch Status /dev/rfkill Watch.
[[0;32m  OK  [0m] Started AppArmor initialization.
         Starting Load AppArmor profiles managed internally by snapd...
         Starting Initial cloud-init job (pre-networking)...
[[0;32m  OK  [0m] Started Load AppArmor profiles managed internally by snapd.
[   34.192792] cloud-init[576]: Cloud-init v. 21.1-19-gbad84ad4-0ubuntu1~18.04.1 running 'init-local' at Thu, 03 Jun 2021 14:03:00 +0000. Up 33.27 seconds.
[[0;32m  OK  [0m] Started Initial cloud-init job (pre-networking).
[[0;32m  OK  [0m] Reached target Network (Pre).
         Starting Network Service...
[[0;32m  OK  [0m] Started Network Service.
         Starting Wait for Network to be Configured...
         Starting Network Name Resolution...
[[0;32m  OK  [0m] Started Network Name Resolution.
[[0;32m  OK  [0m] Reached target Host and Network Name Lookups.
[[0;32m  OK  [0m] Reached target Network.
[[0;32m  OK  [0m] Started Wait for Network to be Configured.
         Starting Initial cloud-init job (metadata service crawler)...
[   37.652585] cloud-init[685]: Cloud-init v. 21.1-19-gbad84ad4-0ubuntu1~18.04.1 running 'init' at Thu, 03 Jun 2021 14:03:04 +0000. Up 37.31 seconds.
[   37.696104] cloud-init[685]: ci-info: ++++++++++++++++++++++++++++++++++++++Net device info+++++++++++++++++++++++++++++++++++++++
[   37.734785] cloud-init[685]: ci-info: +--------+-------+----------------------------+---------------+--------+-------------------+
[   37.771342] cloud-init[685]: ci-info: | Device |   Up  |          Address           |      Mask     | Scope  |     Hw-Address    |
[   37.820791] cloud-init[685]: ci-info: +--------+-------+----------------------------+---------------+--------+-------------------+
[   37.864640] cloud-init[685]: ci-info: | enp0s3 |  True |         10.0.2.15          | 255.255.255.0 | global | 02:f3:7b:02:da:50 |
[   37.909285] cloud-init[685]: ci-info: | enp0s3 |  True | fe80::f3:7bff:fe02:da50/64 |       .       |  link  | 02:f3:7b:02:da:50 |
[   37.958800] cloud-init[685]: ci-info: | enp0s8 | False |             .              |       .       |   .    | 08:00:27:7e:2c:3d |
[   37.990311] cloud-init[685]: ci-info: |   lo   |  True |         127.0.0.1          |   255.0.0.0   |  host  |         .         |
[   38.084270] cloud-init[685]: ci-info: |   lo   |  True |          ::1/128           |       .       |  host  |         .         |
[   38.232271] cloud-init[685]: ci-info: +--------+-------+----------------------------+---------------+--------+-------------------+
[   38.327812] cloud-init[685]: ci-info: ++++++++++++++++++++++++++++Route IPv4 info+++++++++++++++++++++++++++++
[   38.460702] cloud-init[685]: ci-info: +-------+-------------+----------+-----------------+-----------+-------+
[   38.526552] cloud-init[685]: ci-info: | Route | Destination | Gateway  |     Genmask     | Interface | Flags |
[   38.587106] cloud-init[685]: ci-info: +-------+-------------+----------+-----------------+-----------+-------+
[   38.700042] cloud-init[685]: ci-info: |   0   |   0.0.0.0   | 10.0.2.2 |     0.0.0.0     |   enp0s3  |   UG  |
[   38.777473] cloud-init[685]: ci-info: |   1   |   10.0.2.0  | 0.0.0.0  |  255.255.255.0  |   enp0s3  |   U   |
[   38.901076] cloud-init[685]: ci-info: |   2   |   10.0.2.2  | 0.0.0.0  | 255.255.255.255 |   enp0s3  |   UH  |
[   39.046923] cloud-init[685]: ci-info: +-------+-------------+----------+-----------------+-----------+-------+
[   39.110106] cloud-init[685]: ci-info: +++++++++++++++++++Route IPv6 info+++++++++++++++++++
[   39.158002] cloud-init[685]: ci-info: +-------+-------------+---------+-----------+-------+
[   39.281319] cloud-init[685]: ci-info: | Route | Destination | Gateway | Interface | Flags |
[   39.342348] cloud-init[685]: ci-info: +-------+-------------+---------+-----------+-------+
[   39.415182] cloud-init[685]: ci-info: |   1   |  fe80::/64  |    ::   |   enp0s3  |   U   |
[   39.503925] cloud-init[685]: ci-info: |   3   |    local    |    ::   |   enp0s3  |   U   |
[   39.742153] cloud-init[685]: ci-info: |   4   |   ff00::/8  |    ::   |   enp0s3  |   U   |
[   39.831468] cloud-init[685]: ci-info: +-------+-------------+---------+-----------+-------+
[   44.842617] cloud-init[685]: Generating public/private rsa key pair.
[   44.889447] cloud-init[685]: Your identification has been saved in /etc/ssh/ssh_host_rsa_key.
[   45.025345] cloud-init[685]: Your public key has been saved in /etc/ssh/ssh_host_rsa_key.pub.
[   45.066765] cloud-init[685]: The key fingerprint is:
[   45.106140] cloud-init[685]: SHA256:Ku05L8eRQasMYC5QJc71WQ2SsTXH7Uu8d/mczTzmQ0c root@ubuntu-bionic
[   45.165766] cloud-init[685]: The key's randomart image is:
[   45.197319] cloud-init[685]: +---[RSA 2048]----+
[   45.223129] cloud-init[685]: | .o.o oo=+..     |
[   45.269620] cloud-init[685]: |.ooo ..*.oo .    |
[   45.304353] cloud-init[685]: |.oo.  +. . o     |
[   45.393745] cloud-init[685]: |. . .   o   +   E|
[   45.505616] cloud-init[685]: | .   o .So . o ..|
[   45.617403] cloud-init[685]: |     .o.o   o .oo|
[   45.673828] cloud-init[685]: |    . o. .   ..==|
[   45.717235] cloud-init[685]: |     oo.o      =*|
[   45.769582] cloud-init[685]: |      o=.     o.o|
[   45.817911] cloud-init[685]: +----[SHA256]-----+
[   45.885469] cloud-init[685]: Generating public/private dsa key pair.
[   45.971022] cloud-init[685]: Your identification has been saved in /etc/ssh/ssh_host_dsa_key.
[   46.049588] cloud-init[685]: Your public key has been saved in /etc/ssh/ssh_host_dsa_key.pub.
[   46.197746] cloud-init[685]: The key fingerprint is:
[   46.255992] cloud-init[685]: SHA256:ZBDbl70d7xKpoGkFbzlhS0SopdRJgR3/rUYn6bP7xYU root@ubuntu-bionic
[   46.303348] cloud-init[685]: The key's randomart image is:
[   46.343418] cloud-init[685]: +---[DSA 1024]----+
[   46.372995] cloud-init[685]: |      o*+*o      |
[   46.429189] cloud-init[685]: |      o+*o o     |
[   46.492961] cloud-init[[0;32m  OK  [0m] Started Initial cloud-init job (metadata service crawler).
[[0;32m  OK  [0m] Reached target Network is Online.
         Starting Availability of block devices...
[[0;32m  OK  [0m] Reached target Remote File Systems (Pre).
[[0;32m  OK  [0m] Reached target Remote File Systems.
[[0;32m  OK  [0m] Reached target System Initialization.
[[0;32m  OK  [0m] Started ACPI Events Check.
[[0;32m  OK  [0m] Listening on ACPID Listen Socket.
[[0;32m  OK  [0m] Listening on Open-iSCSI iscsid Socket.
[[0;32m  OK  [0m] Started Daily Cleanup of Temporary Directories.
[[0;32m  OK  [0m] Started Discard unused blocks once a week.
[[0;32m  OK  [0m] Reached target Paths.
[[0;32m  OK  [0m] Listening on UUID daemon activation socket.
[[0;32m  OK  [0m] Started Message of the Day.
         Starting LXD - unix socket.
[[0;32m  OK  [0m] Started Daily apt download activities.
[[0;32m  OK  [0m] Started Daily apt upgrade and clean activities.
[[0;32m  OK  [0m] Reached target Timers.
[[0;32m  OK  [0m] Listening on D-Bus System Message Bus Socket.
         Starting Socket activation for snappy daemon.
[[0;32m  OK  [0m] Reached target Cloud-config availability.
[[0;32m  OK  [0m] Started Availability of block devices.
[[0;32m  OK  [0m] Listening on Socket activation for snappy daemon.
[685]: [[0;32m  OK  [0m] Listening on LXD - unix socket.
[[0;32m  OK  [0m] Reached target Sockets.
[[0;32m  OK  [0m] Reached target Basic System.
|     ..+= B . .  |
[   47.196531] cloud-init[685]: |      oo * = = = |
[   47.196631] cloud-init[685]: |        S O * E o|
[   47.196701] cloud-init[685]: |         = = = +.|
[   47.196778] cloud-init[685]: |        +   * . +|
[   47.196858] cloud-init[685]: |       .   . o o |
[   47.196908] cloud-init[685]: |            oo.  |
[   47.196950] cloud-init[685]: +----[SHA256]-----+
[   47.196995] cloud-init[685]: Generating public/private ecdsa key pair.
[   47.197040] cloud-init[685]: Your identification has been saved in /etc/ssh/ssh_host_ecdsa_key.
[   47.197110] cloud-init[685]: Your public key has been saved in /etc/ssh/ssh_host_ecdsa_key.pub.
[   47.197160] cloud-init[685]: The key fingerprint is:
[   47.197201] cloud-init[685]: SHA256:s9dW93J7eC8l1pqamd87x17mvGB5sbUFamLos1R0iV0 root@ubuntu-bionic
[   47.197248] cloud-init[685]: The key's randomart image is:
[   47.197288] cloud-init[685]: +---[ECDSA 256]---+
[   47.197372] cloud-init[685]: |              E  |
[   47.197433] cloud-init[685]: |           o o   |
[   47.197487] cloud-init[685]: |          o + .  |
[   47.197535] cloud-init[685]: |         o . . . |
[   47.197576] cloud-init[685]: |        S + o .o+|
[   47.197670] cloud-init[685]: |       . = + .+.X|
[   47.197720] cloud-init[685]: |        = . o=.@=|
[   47.197764] cloud-init[685]: |       . + ..+BOB|
[   47.197804] cloud-init[685]: |        .   =o.B&|
[   47.197843] cloud-init[685]: +----[SHA256]-----+
[   47.197927] cloud-init[685]: Generating public/private ed25519 key pair.
[   47.197975] cloud-init[685]: Your identification has been saved in /etc/ssh/ssh_host_ed25519_key.
[   47.198020] cloud-init[685]: Your public key has been saved in /etc/ssh/ssh_host_ed25519_key.pub.
[[0;32m  OK  [0m[   47.304114] cloud-init[685]: The key fingerprint is:
[   47.305823] cloud-init[685]: SHA256:7dcvTak8k5Vk1rxaZ7Ys1b+C3MA5rHR0NN7QXvgsaMA root@ubuntu-bionic
[   47.305883] cloud-init[685]: The key's randomart image is:
[   47.305925] cloud-init[685]: +--[ED25519 256]--+
[   47.305996] cloud-init[685]: |         .    .. |
[   47.306046] cloud-init[685]: |          E  +...|
[   47.306120] cloud-init[685]: |           .o.=+o|
[   47.306169] cloud-init[685]: |         . .oo.*=|
[   47.306249] cloud-init[685]: |        S =.o +.=|
[   47.306309] cloud-init[685]: |         o B . B*|
[   47.306351] cloud-init[685]: |        . = B X=+|
[   47.306426] cloud-init[685]: |         . + @.+o|
[   47.307086] cloud-init[685]: |              =oo|
[   47.307144] cloud-init[685]: +----[SHA256]-----+
] Started Regular background program processing daemon.
[[0;32m  OK  [0m] Started Deferred execution scheduler.
         Starting Pollinate to seed the pseudo random number generator...
         Starting Dispatcher daemon for systemd-networkd...
[[0;32m  OK  [0m] Started FUSE filesystem for LXC.
         Starting System Logging Service...
         Starting Virtualbox guest utils...
         Starting Login Service...
[[0;32m  OK  [0m] Started D-Bus System Message Bus.
[[0;32m  OK  [0m] Started irqbalance daemon.
         Starting Permit User Sessions...
         Starting LSB: automatic crash report generation...
         Starting Snap Daemon...
         Starting LSB: Record successful boot for GRUB...
         Starting Accounts Service...
         Starting LXD - container startup/shutdown...
[[0;32m  OK  [0m] Started System Logging Service.
[[0;32m  OK  [0m] Started Permit User Sessions.
         Starting Terminate Plymouth Boot Screen...
         Starting Hold until boot process finishes up...
[[0;32m  OK  [0m] Started Terminate Plymouth Boot Screen.
[[0;32m  OK  [0m] Started Hold until boot process finishes up.
[[0;32m  OK  [0m] Started Serial Getty on ttyS0.
         Starting Set console scheme...
[[0;32m  OK  [0m] Started LSB: automatic crash report generation.
[[0;32m  OK  [0m] Started LSB: Record successful boot for GRUB.
[[0;32m  OK  [0m] Started Set console scheme.
[[0;32m  OK  [0m] Started Login Service.
[[0;32m  OK  [0m] Started Unattended Upgrades Shutdown.
[[0;32m  OK  [0m] Created slice system-getty.slice.
[[0;32m  OK  [0m] Started Getty on tty1.
[[0;32m  OK  [0m] Reached target Login Prompts.
         Starting Authorization Manager...
[[0;32m  OK  [0m] Started Authorization Manager.
[[0;32m  OK  [0m] Started Virtualbox guest utils.
[[0;32m  OK  [0m] Started Accounts Service.
[[0;32m  OK  [0m] Started Dispatcher daemon for systemd-networkd.
[[0;32m  OK  [0m] Started Pollinate to seed the pseudo random number generator.

Ubuntu 18.04.5 LTS ubuntu-bionic ttyS0

ubuntu-bionic login: [   88.875569] cloud-init[1084]: Cloud-init v. 21.1-19-gbad84ad4-0ubuntu1~18.04.1 running 'modules:config' at Thu, 03 Jun 2021 14:03:36 +0000. Up 69.30 seconds.
ci-info: no authorized SSH keys fingerprints found for user ubuntu.
<14>Jun  3 14:05:17 ec2: 
<14>Jun  3 14:05:17 ec2: #############################################################
<14>Jun  3 14:05:17 ec2: -----BEGIN SSH HOST KEY FINGERPRINTS-----
<14>Jun  3 14:05:17 ec2: 1024 SHA256:ZBDbl70d7xKpoGkFbzlhS0SopdRJgR3/rUYn6bP7xYU root@ubuntu-bionic (DSA)
<14>Jun  3 14:05:17 ec2: 256 SHA256:s9dW93J7eC8l1pqamd87x17mvGB5sbUFamLos1R0iV0 root@ubuntu-bionic (ECDSA)
<14>Jun  3 14:05:17 ec2: 256 SHA256:7dcvTak8k5Vk1rxaZ7Ys1b+C3MA5rHR0NN7QXvgsaMA root@ubuntu-bionic (ED25519)
<14>Jun  3 14:05:17 ec2: 2048 SHA256:Ku05L8eRQasMYC5QJc71WQ2SsTXH7Uu8d/mczTzmQ0c root@ubuntu-bionic (RSA)
<14>Jun  3 14:05:17 ec2: -----END SSH HOST KEY FINGERPRINTS-----
<14>Jun  3 14:05:17 ec2: #############################################################
-----BEGIN SSH HOST KEY KEYS-----
ecdsa-sha2-nistp256 AAAAE2VjZHNhLXNoYTItbmlzdHAyNTYAAAAIbmlzdHAyNTYAAABBBNt0u6A0/VYh0x+oE7t1vhypmXIrR0wk0xfI2VRSB49pytTtsapaaUwGidLTMorwgBQE0mkUW+rrU28s/9mskBs= root@ubuntu-bionic
ssh-ed25519 AAAAC3NzaC1lZDI1NTE5AAAAIEYKrZII662qIrkMR4CMq3V0U0A1W100vef5cltCjYYv root@ubuntu-bionic
ssh-rsa AAAAB3NzaC1yc2EAAAADAQABAAABAQDCnhXq/5GP16Yhm4ogiu0ZjTd4njXqkussISAYET1URffA90/zERpxYyoYs3Mvcye7gVeHLVb7l6hCZZLd5ik3iFwzXryQKEk2XdD1xtiX/WiEHLw7R/ORzo6n5YJXBECAPG5vdpe2/O81nx8tWkON+ncECFZByJZajFst7JJVy7aCzz9zbGeSuNhBvABbA+4PjOw5DvrNxH9gA6YwnPVYhdPjCxcJKSJR2Oomq8C49bxilRv724GjT7F8LfLZpg72Eukri0eOvovYet7LcXXVgasroOX3ok2GE9/4+qcKiKec9uNC1BpnZ3Id16bm5U6NVSJNikAFey8KqS012RiF root@ubuntu-bionic
-----END SSH HOST KEY KEYS-----
[  173.153854] cloud-init[1275]: Cloud-init v. 21.1-19-gbad84ad4-0ubuntu1~18.04.1 running 'modules:final' at Thu, 03 Jun 2021 14:05:07 +0000. Up 160.53 seconds.
[  173.575710] cloud-init[1275]: ci-info: no authorized SSH keys fingerprints found for user ubuntu.
[  173.576259] cloud-init[1275]: Cloud-init v. 21.1-19-gbad84ad4-0ubuntu1~18.04.1 finished at Thu, 03 Jun 2021 14:05:19 +0000. Datasource DataSourceNoCloud [seed=/dev/sdb][dsmode=net].  Up 172.94 seconds
